2014/09/12 15:01:26 Gene Bot Started
2014/09/12 15:01:26 INFO:
	Search word:
		RNF14 [sym] AND "Homo"
	INFO description:
		start searching

2014/09/12 15:01:26 INFO:
	Search word:
		RNF10 [sym] AND "Homo"
	INFO description:
		start searching

2014/09/12 15:01:26 INFO:
	Search word:
		RNF11 [sym] AND "Homo"
	INFO description:
		start searching

2014/09/12 15:01:26 INFO:
	Search word:
		RNF13 [sym] AND "Homo"
	INFO description:
		start searching

2014/09/12 15:01:26 INFO:
	Search word:
		ATRX [sym] AND "Homo"
	INFO description:
		start searching

2014/09/12 15:01:26 INFO:
	Search word:
		SPR [sym] AND "Homo"
	INFO description:
		start searching

2014/09/12 15:01:26 INFO:
	Search word:
		RNF111 [sym] AND "Homo"
	INFO description:
		start searching

2014/09/12 15:01:26 INFO:
	Search word:
		FOXQ1 [sym] AND "Homo"
	INFO description:
		start searching

2014/09/12 15:01:26 INFO:
	Search word:
		SP9 [sym] AND "Homo"
	INFO description:
		start searching

2014/09/12 15:01:26 INFO:
	Search word:
		TCOF1 [sym] AND "Homo"
	INFO description:
		start searching

2014/09/12 15:01:26 INFO:
	Search word:
		NSRP1 [sym] AND "Homo"
	INFO description:
		start searching

2014/09/12 15:01:26 INFO:
	Search word:
		SP1 [sym] AND "Homo"
	INFO description:
		start searching

2014/09/12 15:01:26 INFO:
	Search word:
		XPA [sym] AND "Homo"
	INFO description:
		start searching

2014/09/12 15:01:26 INFO:
	Search word:
		SP4 [sym] AND "Homo"
	INFO description:
		start searching

2014/09/12 15:01:26 INFO:
	Search word:
		SP5 [sym] AND "Homo"
	INFO description:
		start searching

2014/09/12 15:01:26 INFO:
	Search word:
		GOLIM4 [sym] AND "Homo"
	INFO description:
		start searching

2014/09/12 15:01:26 INFO:
	Search word:
		ATP2A3 [sym] AND "Homo"
	INFO description:
		start searching

2014/09/12 15:01:26 INFO:
	Search word:
		NOP2 [sym] AND "Homo"
	INFO description:
		start searching

2014/09/12 15:01:26 INFO:
	Search word:
		RIT2 [sym] AND "Homo"
	INFO description:
		start searching

2014/09/12 15:01:26 INFO:
	Search word:
		DENND4A [sym] AND "Homo"
	INFO description:
		start searching

2014/09/12 15:01:26 INFO:
	Search word:
		SWAP70 [sym] AND "Homo"
	INFO description:
		start searching

2014/09/12 15:01:26 INFO:
	Search word:
		PHLDA1 [sym] AND "Homo"
	INFO description:
		start searching

2014/09/12 15:01:26 INFO:
	Search word:
		UFSP2 [sym] AND "Homo"
	INFO description:
		start searching

2014/09/12 15:01:26 INFO:
	Search word:
		HRH1 [sym] AND "Homo"
	INFO description:
		start searching

2014/09/12 15:01:26 INFO:
	Search word:
		GHDC [sym] AND "Homo"
	INFO description:
		start searching

2014/09/12 15:01:30 WARNING:
	Search word:
		SP1 [sym] AND "Homo"
	WARNING description:
		Multiple search results, we choose the first one

2014/09/12 15:01:37 WARNING:
	Search word:
		HRH1 [sym] AND "Homo"
	WARNING description:
		Multiple search results, we choose the first one

2014/09/12 15:01:37 INFO:
	Search word:
		SP4 [sym] AND "Homo"
	INFO description:
		sequence fetched

2014/09/12 15:01:37 WARNING:
	Search word:
		SPR [sym] AND "Homo"
	WARNING description:
		Multiple search results, we choose the first one

2014/09/12 15:01:37 INFO:
	Search word:
		RNF111 [sym] AND "Homo"
	INFO description:
		sequence fetched

2014/09/12 15:01:37 INFO:
	Search word:
		XPA [sym] AND "Homo"
	INFO description:
		sequence fetched

2014/09/12 15:01:38 INFO:
	Search word:
		PHLDA1 [sym] AND "Homo"
	INFO description:
		sequence fetched

2014/09/12 15:01:40 INFO:
	Search word:
		NSRP1 [sym] AND "Homo"
	INFO description:
		sequence fetched

2014/09/12 15:01:40 INFO:
	Search word:
		RNF13 [sym] AND "Homo"
	INFO description:
		sequence fetched

2014/09/12 15:01:41 INFO:
	Search word:
		XPA [sym] AND "Homo"
	INFO description:
		submitted to CRISPR server, visit:
		http://crispr.mit.edu/job/7884206532374481

2014/09/12 15:01:41 INFO:
	Search word:
		XPA [sym] AND "Homo"
	INFO description:
		watching analysis progress

2014/09/12 15:01:41 INFO:
	Search word:
		HLX [sym] AND "Homo"
	INFO description:
		start searching

2014/09/12 15:01:41 INFO:
	Search word:
		RNF111 [sym] AND "Homo"
	INFO description:
		submitted to CRISPR server, visit:
		http://crispr.mit.edu/job/5133750797383438

2014/09/12 15:01:41 INFO:
	Search word:
		RNF111 [sym] AND "Homo"
	INFO description:
		watching analysis progress

2014/09/12 15:01:41 INFO:
	Search word:
		HLCS [sym] AND "Homo"
	INFO description:
		start searching

2014/09/12 15:01:41 INFO:
	Search word:
		RNF13 [sym] AND "Homo"
	INFO description:
		submitted to CRISPR server, visit:
		http://crispr.mit.edu/job/8018809367504685

2014/09/12 15:01:41 INFO:
	Search word:
		RNF13 [sym] AND "Homo"
	INFO description:
		watching analysis progress

2014/09/12 15:01:41 INFO:
	Search word:
		ITGAV [sym] AND "Homo"
	INFO description:
		start searching

2014/09/12 15:01:42 INFO:
	Search word:
		GHDC [sym] AND "Homo"
	INFO description:
		sequence fetched

2014/09/12 15:01:43 INFO:
	Search word:
		RNF14 [sym] AND "Homo"
	INFO description:
		sequence fetched

2014/09/12 15:01:44 INFO:
	Search word:
		NOP2 [sym] AND "Homo"
	INFO description:
		sequence fetched

2014/09/12 15:01:44 INFO:
	Search word:
		ATRX [sym] AND "Homo"
	INFO description:
		sequence fetched

2014/09/12 15:01:44 INFO:
	Search word:
		FOXQ1 [sym] AND "Homo"
	INFO description:
		sequence fetched

2014/09/12 15:01:44 INFO:
	Search word:
		ATP2A3 [sym] AND "Homo"
	INFO description:
		sequence fetched

2014/09/12 15:01:44 INFO:
	Search word:
		GOLIM4 [sym] AND "Homo"
	INFO description:
		sequence fetched

2014/09/12 15:01:44 INFO:
	Search word:
		TCOF1 [sym] AND "Homo"
	INFO description:
		sequence fetched

2014/09/12 15:01:44 WARNING:
	Search word:
		HLX [sym] AND "Homo"
	WARNING description:
		Multiple search results, we choose the first one

